0 info it worked if it ends with ok
1 verbose cli [ '/Users/hugh/.nvm/v0.10.38/bin/node',
1 verbose cli   '/Users/hugh/.nvm/v0.10.38/bin/npm',
1 verbose cli   'install' ]
2 info using npm@1.4.28
3 info using node@v0.10.38
4 verbose readDependencies using package.json deps
5 verbose install where, deps [ '/Users/hugh/Development/node-web-audio-api',
5 verbose install   [ 'async',
5 verbose install     'audiobuffer',
5 verbose install     'av',
5 verbose install     'es6-shim',
5 verbose install     'lodash',
5 verbose install     'mathjs',
5 verbose install     'native-promise-only',
5 verbose install     'pcm-boilerplate',
5 verbose install     'underscore',
5 verbose install     'speaker',
5 verbose install     'chai',
5 verbose install     'gulp',
5 verbose install     'gulp-es6-transpiler',
5 verbose install     'mocha' ] ]
6 info preinstall web-audio-api@0.1.5
7 verbose readDependencies using package.json deps
8 verbose cache add [ 'lodash@^2.4.1', null ]
9 verbose cache add name=undefined spec="lodash@^2.4.1" args=["lodash@^2.4.1",null]
10 verbose parsed url { protocol: null,
10 verbose parsed url   slashes: null,
10 verbose parsed url   auth: null,
10 verbose parsed url   host: null,
10 verbose parsed url   port: null,
10 verbose parsed url   hostname: null,
10 verbose parsed url   hash: null,
10 verbose parsed url   search: null,
10 verbose parsed url   query: null,
10 verbose parsed url   pathname: 'lodash@^2.4.1',
10 verbose parsed url   path: 'lodash@^2.4.1',
10 verbose parsed url   href: 'lodash@^2.4.1' }
11 verbose cache add [ 'mathjs@0.9.x', null ]
12 verbose cache add name=undefined spec="mathjs@0.9.x" args=["mathjs@0.9.x",null]
13 verbose parsed url { protocol: null,
13 verbose parsed url   slashes: null,
13 verbose parsed url   auth: null,
13 verbose parsed url   host: null,
13 verbose parsed url   port: null,
13 verbose parsed url   hostname: null,
13 verbose parsed url   hash: null,
13 verbose parsed url   search: null,
13 verbose parsed url   query: null,
13 verbose parsed url   pathname: 'mathjs@0.9.x',
13 verbose parsed url   path: 'mathjs@0.9.x',
13 verbose parsed url   href: 'mathjs@0.9.x' }
14 verbose cache add [ 'native-promise-only@^0.7.6-a', null ]
15 verbose cache add name=undefined spec="native-promise-only@^0.7.6-a" args=["native-promise-only@^0.7.6-a",null]
16 verbose parsed url { protocol: null,
16 verbose parsed url   slashes: null,
16 verbose parsed url   auth: null,
16 verbose parsed url   host: null,
16 verbose parsed url   port: null,
16 verbose parsed url   hostname: null,
16 verbose parsed url   hash: null,
16 verbose parsed url   search: null,
16 verbose parsed url   query: null,
16 verbose parsed url   pathname: 'native-promise-only@^0.7.6-a',
16 verbose parsed url   path: 'native-promise-only@^0.7.6-a',
16 verbose parsed url   href: 'native-promise-only@^0.7.6-a' }
17 verbose cache add name="lodash" spec="^2.4.1" args=["lodash","^2.4.1"]
18 verbose parsed url { protocol: null,
18 verbose parsed url   slashes: null,
18 verbose parsed url   auth: null,
18 verbose parsed url   host: null,
18 verbose parsed url   port: null,
18 verbose parsed url   hostname: null,
18 verbose parsed url   hash: null,
18 verbose parsed url   search: null,
18 verbose parsed url   query: null,
18 verbose parsed url   pathname: '^2.4.1',
18 verbose parsed url   path: '^2.4.1',
18 verbose parsed url   href: '^2.4.1' }
19 verbose addNamed [ 'lodash', '^2.4.1' ]
20 verbose addNamed [ null, '>=2.4.1-0 <3.0.0-0' ]
21 verbose cache add name="mathjs" spec="0.9.x" args=["mathjs","0.9.x"]
22 verbose parsed url { protocol: null,
22 verbose parsed url   slashes: null,
22 verbose parsed url   auth: null,
22 verbose parsed url   host: null,
22 verbose parsed url   port: null,
22 verbose parsed url   hostname: null,
22 verbose parsed url   hash: null,
22 verbose parsed url   search: null,
22 verbose parsed url   query: null,
22 verbose parsed url   pathname: '0.9.x',
22 verbose parsed url   path: '0.9.x',
22 verbose parsed url   href: '0.9.x' }
23 verbose addNamed [ 'mathjs', '0.9.x' ]
24 verbose addNamed [ null, '>=0.9.0-0 <0.10.0-0' ]
25 verbose already installed skipping pcm-boilerplate@0.1.x /Users/hugh/Development/node-web-audio-api
26 verbose cache add name="native-promise-only" spec="^0.7.6-a" args=["native-promise-only","^0.7.6-a"]
27 verbose parsed url { protocol: null,
27 verbose parsed url   slashes: null,
27 verbose parsed url   auth: null,
27 verbose parsed url   host: null,
27 verbose parsed url   port: null,
27 verbose parsed url   hostname: null,
27 verbose parsed url   hash: null,
27 verbose parsed url   search: null,
27 verbose parsed url   query: null,
27 verbose parsed url   pathname: '^0.7.6-a',
27 verbose parsed url   path: '^0.7.6-a',
27 verbose parsed url   href: '^0.7.6-a' }
28 verbose addNamed [ 'native-promise-only', '^0.7.6-a' ]
29 verbose addNamed [ null, '>=0.7.6-a <0.8.0-0' ]
30 silly lockFile 59759450-lodash-2-4-1 lodash@^2.4.1
31 verbose lock lodash@^2.4.1 /Users/hugh/.npm/59759450-lodash-2-4-1.lock
32 silly lockFile 2c607a76-mathjs-0-9-x mathjs@0.9.x
33 verbose lock mathjs@0.9.x /Users/hugh/.npm/2c607a76-mathjs-0-9-x.lock
34 silly lockFile 5fc0ce29-native-promise-only-0-7-6-a native-promise-only@^0.7.6-a
35 verbose lock native-promise-only@^0.7.6-a /Users/hugh/.npm/5fc0ce29-native-promise-only-0-7-6-a.lock
36 verbose already installed skipping underscore@^1.7.0 /Users/hugh/Development/node-web-audio-api
37 verbose already installed skipping speaker@0.0.x /Users/hugh/Development/node-web-audio-api
38 silly addNameRange { name: 'lodash', range: '>=2.4.1-0 <3.0.0-0', hasData: false }
39 verbose already installed skipping chai@1.7.x /Users/hugh/Development/node-web-audio-api
40 silly addNameRange { name: 'mathjs', range: '>=0.9.0-0 <0.10.0-0', hasData: false }
41 silly addNameRange { name: 'native-promise-only',
41 silly addNameRange   range: '>=0.7.6-a <0.8.0-0',
41 silly addNameRange   hasData: false }
42 verbose already installed skipping gulp@^3.8.7 /Users/hugh/Development/node-web-audio-api
43 verbose request where is /native-promise-only
44 verbose request registry https://registry.npmjs.org/
45 verbose request id 4151b9c6dfb5e498
46 verbose url raw /native-promise-only
47 verbose url resolving [ 'https://registry.npmjs.org/', './native-promise-only' ]
48 verbose url resolved https://registry.npmjs.org/native-promise-only
49 verbose request where is https://registry.npmjs.org/native-promise-only
50 info trying registry request attempt 1 at 18:19:37
51 http GET https://registry.npmjs.org/native-promise-only
52 verbose already installed skipping gulp-es6-transpiler@^1.0.0 /Users/hugh/Development/node-web-audio-api
53 verbose already installed skipping mocha@* /Users/hugh/Development/node-web-audio-api
54 verbose cache add [ 'async@0.2.x', null ]
55 verbose cache add name=undefined spec="async@0.2.x" args=["async@0.2.x",null]
56 verbose parsed url { protocol: null,
56 verbose parsed url   slashes: null,
56 verbose parsed url   auth: null,
56 verbose parsed url   host: null,
56 verbose parsed url   port: null,
56 verbose parsed url   hostname: null,
56 verbose parsed url   hash: null,
56 verbose parsed url   search: null,
56 verbose parsed url   query: null,
56 verbose parsed url   pathname: 'async@0.2.x',
56 verbose parsed url   path: 'async@0.2.x',
56 verbose parsed url   href: 'async@0.2.x' }
57 verbose already installed skipping audiobuffer@0.2.x /Users/hugh/Development/node-web-audio-api
58 verbose cache add [ 'av@0.2.x', null ]
59 verbose cache add name=undefined spec="av@0.2.x" args=["av@0.2.x",null]
60 verbose parsed url { protocol: null,
60 verbose parsed url   slashes: null,
60 verbose parsed url   auth: null,
60 verbose parsed url   host: null,
60 verbose parsed url   port: null,
60 verbose parsed url   hostname: null,
60 verbose parsed url   hash: null,
60 verbose parsed url   search: null,
60 verbose parsed url   query: null,
60 verbose parsed url   pathname: 'av@0.2.x',
60 verbose parsed url   path: 'av@0.2.x',
60 verbose parsed url   href: 'av@0.2.x' }
61 verbose cache add [ 'es6-shim@^0.16.0', null ]
62 verbose cache add name=undefined spec="es6-shim@^0.16.0" args=["es6-shim@^0.16.0",null]
63 verbose parsed url { protocol: null,
63 verbose parsed url   slashes: null,
63 verbose parsed url   auth: null,
63 verbose parsed url   host: null,
63 verbose parsed url   port: null,
63 verbose parsed url   hostname: null,
63 verbose parsed url   hash: null,
63 verbose parsed url   search: null,
63 verbose parsed url   query: null,
63 verbose parsed url   pathname: 'es6-shim@^0.16.0',
63 verbose parsed url   path: 'es6-shim@^0.16.0',
63 verbose parsed url   href: 'es6-shim@^0.16.0' }
64 verbose cache add name="async" spec="0.2.x" args=["async","0.2.x"]
65 verbose parsed url { protocol: null,
65 verbose parsed url   slashes: null,
65 verbose parsed url   auth: null,
65 verbose parsed url   host: null,
65 verbose parsed url   port: null,
65 verbose parsed url   hostname: null,
65 verbose parsed url   hash: null,
65 verbose parsed url   search: null,
65 verbose parsed url   query: null,
65 verbose parsed url   pathname: '0.2.x',
65 verbose parsed url   path: '0.2.x',
65 verbose parsed url   href: '0.2.x' }
66 verbose addNamed [ 'async', '0.2.x' ]
67 verbose addNamed [ null, '>=0.2.0-0 <0.3.0-0' ]
68 silly lockFile 7933abb7-async-0-2-x async@0.2.x
69 verbose lock async@0.2.x /Users/hugh/.npm/7933abb7-async-0-2-x.lock
70 verbose cache add name="av" spec="0.2.x" args=["av","0.2.x"]
71 verbose parsed url { protocol: null,
71 verbose parsed url   slashes: null,
71 verbose parsed url   auth: null,
71 verbose parsed url   host: null,
71 verbose parsed url   port: null,
71 verbose parsed url   hostname: null,
71 verbose parsed url   hash: null,
71 verbose parsed url   search: null,
71 verbose parsed url   query: null,
71 verbose parsed url   pathname: '0.2.x',
71 verbose parsed url   path: '0.2.x',
71 verbose parsed url   href: '0.2.x' }
72 verbose addNamed [ 'av', '0.2.x' ]
73 verbose addNamed [ null, '>=0.2.0-0 <0.3.0-0' ]
74 silly lockFile 8f350a66-av-0-2-x av@0.2.x
75 verbose lock av@0.2.x /Users/hugh/.npm/8f350a66-av-0-2-x.lock
76 verbose cache add name="es6-shim" spec="^0.16.0" args=["es6-shim","^0.16.0"]
77 verbose parsed url { protocol: null,
77 verbose parsed url   slashes: null,
77 verbose parsed url   auth: null,
77 verbose parsed url   host: null,
77 verbose parsed url   port: null,
77 verbose parsed url   hostname: null,
77 verbose parsed url   hash: null,
77 verbose parsed url   search: null,
77 verbose parsed url   query: null,
77 verbose parsed url   pathname: '^0.16.0',
77 verbose parsed url   path: '^0.16.0',
77 verbose parsed url   href: '^0.16.0' }
78 verbose addNamed [ 'es6-shim', '^0.16.0' ]
79 verbose addNamed [ null, '>=0.16.0-0 <0.17.0-0' ]
80 silly lockFile 0ea6a88d-es6-shim-0-16-0 es6-shim@^0.16.0
81 verbose lock es6-shim@^0.16.0 /Users/hugh/.npm/0ea6a88d-es6-shim-0-16-0.lock
82 silly addNameRange { name: 'async', range: '>=0.2.0-0 <0.3.0-0', hasData: false }
83 silly addNameRange { name: 'av', range: '>=0.2.0-0 <0.3.0-0', hasData: false }
84 silly addNameRange { name: 'es6-shim',
84 silly addNameRange   range: '>=0.16.0-0 <0.17.0-0',
84 silly addNameRange   hasData: false }
85 verbose request where is /lodash
86 verbose request registry https://registry.npmjs.org/
87 verbose url raw /lodash
88 verbose url resolving [ 'https://registry.npmjs.org/', './lodash' ]
89 verbose url resolved https://registry.npmjs.org/lodash
90 verbose request where is https://registry.npmjs.org/lodash
91 info trying registry request attempt 1 at 18:19:37
92 verbose etag "8OVQF4MLTWKRTJPTXT8C2ZADK"
93 http GET https://registry.npmjs.org/lodash
94 verbose request where is /mathjs
95 verbose request registry https://registry.npmjs.org/
96 verbose url raw /mathjs
97 verbose url resolving [ 'https://registry.npmjs.org/', './mathjs' ]
98 verbose url resolved https://registry.npmjs.org/mathjs
99 verbose request where is https://registry.npmjs.org/mathjs
100 info trying registry request attempt 1 at 18:19:37
101 verbose etag "69OYOC75S6WNK6N267F6Z4943"
102 http GET https://registry.npmjs.org/mathjs
103 verbose request where is /async
104 verbose request registry https://registry.npmjs.org/
105 verbose url raw /async
106 verbose url resolving [ 'https://registry.npmjs.org/', './async' ]
107 verbose url resolved https://registry.npmjs.org/async
108 verbose request where is https://registry.npmjs.org/async
109 info trying registry request attempt 1 at 18:19:37
110 verbose etag "1BMT19YUM9WTUOG0OWWYV22XB"
111 http GET https://registry.npmjs.org/async
112 verbose request where is /av
113 verbose request registry https://registry.npmjs.org/
114 verbose url raw /av
115 verbose url resolving [ 'https://registry.npmjs.org/', './av' ]
116 verbose url resolved https://registry.npmjs.org/av
117 verbose request where is https://registry.npmjs.org/av
118 info trying registry request attempt 1 at 18:19:37
119 verbose etag "9HS1CCMB80ZEJ282OPI569Z8J"
120 http GET https://registry.npmjs.org/av
121 verbose request where is /es6-shim
122 verbose request registry https://registry.npmjs.org/
123 verbose url raw /es6-shim
124 verbose url resolving [ 'https://registry.npmjs.org/', './es6-shim' ]
125 verbose url resolved https://registry.npmjs.org/es6-shim
126 verbose request where is https://registry.npmjs.org/es6-shim
127 info trying registry request attempt 1 at 18:19:37
128 verbose etag "6RCMTHRMRGMZK5V31YF5LUEXI"
129 http GET https://registry.npmjs.org/es6-shim
130 http 304 https://registry.npmjs.org/async
131 silly registry.get cb [ 304,
131 silly registry.get   { date: 'Fri, 17 Apr 2015 17:19:37 GMT',
131 silly registry.get     server: 'Apache',
131 silly registry.get     via: '1.1 varnish',
131 silly registry.get     'last-modified': 'Fri, 17 Apr 2015 17:19:32 GMT',
131 silly registry.get     'cache-control': 'max-age=60',
131 silly registry.get     etag: '"1BMT19YUM9WTUOG0OWWYV22XB"',
131 silly registry.get     age: '24',
131 silly registry.get     'x-served-by': 'cache-ams4133-AMS',
131 silly registry.get     'x-cache': 'HIT',
131 silly registry.get     'x-cache-hits': '2',
131 silly registry.get     'x-timer': 'S1429291177.307783,VS0,VE0',
131 silly registry.get     vary: 'Accept',
131 silly registry.get     'content-length': '0',
131 silly registry.get     'keep-alive': 'timeout=10, max=50',
131 silly registry.get     connection: 'Keep-Alive' } ]
132 verbose etag https://registry.npmjs.org/async from cache
133 http 304 https://registry.npmjs.org/lodash
134 silly registry.get cb [ 304,
134 silly registry.get   { date: 'Fri, 17 Apr 2015 17:19:37 GMT',
134 silly registry.get     server: 'Apache',
134 silly registry.get     via: '1.1 varnish',
134 silly registry.get     'last-modified': 'Fri, 17 Apr 2015 17:12:28 GMT',
134 silly registry.get     'cache-control': 'max-age=60',
134 silly registry.get     etag: '"8OVQF4MLTWKRTJPTXT8C2ZADK"',
134 silly registry.get     age: '54',
134 silly registry.get     'x-served-by': 'cache-ams4122-AMS',
134 silly registry.get     'x-cache': 'HIT',
134 silly registry.get     'x-cache-hits': '149',
134 silly registry.get     'x-timer': 'S1429291177.309680,VS0,VE0',
134 silly registry.get     vary: 'Accept',
134 silly registry.get     'content-length': '0',
134 silly registry.get     'keep-alive': 'timeout=10, max=50',
134 silly registry.get     connection: 'Keep-Alive' } ]
135 verbose etag https://registry.npmjs.org/lodash from cache
136 silly addNameRange number 2 { name: 'lodash', range: '>=2.4.1-0 <3.0.0-0', hasData: true }
137 silly addNameRange versions [ 'lodash',
137 silly addNameRange   [ '0.1.0',
137 silly addNameRange     '0.2.0',
137 silly addNameRange     '0.2.1',
137 silly addNameRange     '0.2.2',
137 silly addNameRange     '0.3.0',
137 silly addNameRange     '0.3.1',
137 silly addNameRange     '0.3.2',
137 silly addNameRange     '0.4.0',
137 silly addNameRange     '0.4.1',
137 silly addNameRange     '0.4.2',
137 silly addNameRange     '0.5.0-rc.1',
137 silly addNameRange     '0.5.0',
137 silly addNameRange     '0.5.1',
137 silly addNameRange     '0.5.2',
137 silly addNameRange     '0.6.0',
137 silly addNameRange     '0.6.1',
137 silly addNameRange     '0.7.0',
137 silly addNameRange     '0.8.0',
137 silly addNameRange     '0.8.1',
137 silly addNameRange     '0.8.2',
137 silly addNameRange     '0.9.0',
137 silly addNameRange     '0.9.1',
137 silly addNameRange     '0.9.2',
137 silly addNameRange     '0.10.0',
137 silly addNameRange     '1.0.0-rc.1',
137 silly addNameRange     '1.0.0-rc.2',
137 silly addNameRange     '1.0.0-rc.3',
137 silly addNameRange     '1.0.0',
137 silly addNameRange     '1.0.1',
137 silly addNameRange     '1.1.0',
137 silly addNameRange     '1.1.1',
137 silly addNameRange     '1.2.0',
137 silly addNameRange     '1.2.1',
137 silly addNameRange     '1.3.0',
137 silly addNameRange     '1.3.1',
137 silly addNameRange     '2.0.0',
137 silly addNameRange     '2.1.0',
137 silly addNameRange     '2.2.0',
137 silly addNameRange     '2.2.1',
137 silly addNameRange     '2.3.0',
137 silly addNameRange     '2.4.0',
137 silly addNameRange     '2.4.1',
137 silly addNameRange     '3.0.0',
137 silly addNameRange     '3.0.1',
137 silly addNameRange     '3.1.0',
137 silly addNameRange     '3.2.0',
137 silly addNameRange     '3.3.0',
137 silly addNameRange     '3.3.1',
137 silly addNameRange     '3.4.0',
137 silly addNameRange     '3.5.0',
137 silly addNameRange     '3.6.0',
137 silly addNameRange     '1.0.2',
137 silly addNameRange     '3.7.0' ] ]
138 verbose addNamed [ 'lodash', '2.4.1' ]
139 verbose addNamed [ '2.4.1', '2.4.1' ]
140 silly lockFile 8502be2a-lodash-2-4-1 lodash@2.4.1
141 verbose lock lodash@2.4.1 /Users/hugh/.npm/8502be2a-lodash-2-4-1.lock
142 silly addNameRange number 2 { name: 'async', range: '>=0.2.0-0 <0.3.0-0', hasData: true }
143 silly addNameRange versions [ 'async',
143 silly addNameRange   [ '0.1.0',
143 silly addNameRange     '0.1.1',
143 silly addNameRange     '0.1.2',
143 silly addNameRange     '0.1.3',
143 silly addNameRange     '0.1.4',
143 silly addNameRange     '0.1.5',
143 silly addNameRange     '0.1.6',
143 silly addNameRange     '0.1.7',
143 silly addNameRange     '0.1.8',
143 silly addNameRange     '0.1.9',
143 silly addNameRange     '0.1.10',
143 silly addNameRange     '0.1.11',
143 silly addNameRange     '0.1.12',
143 silly addNameRange     '0.1.13',
143 silly addNameRange     '0.1.14',
143 silly addNameRange     '0.1.15',
143 silly addNameRange     '0.1.16',
143 silly addNameRange     '0.1.17',
143 silly addNameRange     '0.1.18',
143 silly addNameRange     '0.1.19',
143 silly addNameRange     '0.1.20',
143 silly addNameRange     '0.1.21',
143 silly addNameRange     '0.1.22',
143 silly addNameRange     '0.2.0',
143 silly addNameRange     '0.2.1',
143 silly addNameRange     '0.2.2',
143 silly addNameRange     '0.2.3',
143 silly addNameRange     '0.2.4',
143 silly addNameRange     '0.2.5',
143 silly addNameRange     '0.2.6',
143 silly addNameRange     '0.2.7',
143 silly addNameRange     '0.2.8',
143 silly addNameRange     '0.2.9',
143 silly addNameRange     '0.2.10',
143 silly addNameRange     '0.3.0',
143 silly addNameRange     '0.4.0',
143 silly addNameRange     '0.4.1',
143 silly addNameRange     '0.5.0',
143 silly addNameRange     '0.6.0',
143 silly addNameRange     '0.6.1',
143 silly addNameRange     '0.6.2',
143 silly addNameRange     '0.7.0',
143 silly addNameRange     '0.8.0',
143 silly addNameRange     '0.9.0' ] ]
144 verbose addNamed [ 'async', '0.2.10' ]
145 verbose addNamed [ '0.2.10', '0.2.10' ]
146 silly lockFile 098b530d-async-0-2-10 async@0.2.10
147 verbose lock async@0.2.10 /Users/hugh/.npm/098b530d-async-0-2-10.lock
148 silly lockFile 0d74032f-pmjs-org-lodash-lodash-2-4-1-tgz https://registry.npmjs.org/lodash/-/lodash-2.4.1.tgz
149 verbose lock https://registry.npmjs.org/lodash/-/lodash-2.4.1.tgz /Users/hugh/.npm/0d74032f-pmjs-org-lodash-lodash-2-4-1-tgz.lock
150 verbose addRemoteTarball [ 'https://registry.npmjs.org/lodash/-/lodash-2.4.1.tgz',
150 verbose addRemoteTarball   '5b7723034dda4d262e5a46fb2c58d7cc22f71420' ]
151 info retry fetch attempt 1 at 18:19:37
152 verbose fetch to= /var/folders/dz/1kw3gm352pz7x3yy5zt8qn9h0000gn/T/npm-62989-Sovv27h-/registry.npmjs.org/lodash/-/lodash-2.4.1.tgz
153 http GET https://registry.npmjs.org/lodash/-/lodash-2.4.1.tgz
154 silly lockFile 098b530d-async-0-2-10 async@0.2.10
155 silly lockFile 098b530d-async-0-2-10 async@0.2.10
156 silly lockFile 7933abb7-async-0-2-x async@0.2.x
157 silly lockFile 7933abb7-async-0-2-x async@0.2.x
158 http 200 https://registry.npmjs.org/lodash/-/lodash-2.4.1.tgz
159 http 304 https://registry.npmjs.org/es6-shim
160 silly registry.get cb [ 304,
160 silly registry.get   { date: 'Fri, 17 Apr 2015 17:19:37 GMT',
160 silly registry.get     server: 'Apache',
160 silly registry.get     via: '1.1 varnish',
160 silly registry.get     'last-modified': 'Fri, 17 Apr 2015 17:19:37 GMT',
160 silly registry.get     'cache-control': 'max-age=60',
160 silly registry.get     etag: '"6RCMTHRMRGMZK5V31YF5LUEXI"',
160 silly registry.get     age: '0',
160 silly registry.get     'x-served-by': 'cache-ams4133-AMS',
160 silly registry.get     'x-cache': 'HIT',
160 silly registry.get     'x-cache-hits': '1',
160 silly registry.get     'x-timer': 'S1429291177.337987,VS0,VE189',
160 silly registry.get     vary: 'Accept',
160 silly registry.get     'content-length': '0',
160 silly registry.get     'keep-alive': 'timeout=10, max=49',
160 silly registry.get     connection: 'Keep-Alive' } ]
161 verbose etag https://registry.npmjs.org/es6-shim from cache
162 silly addNameRange number 2 { name: 'es6-shim',
162 silly addNameRange   range: '>=0.16.0-0 <0.17.0-0',
162 silly addNameRange   hasData: true }
163 silly addNameRange versions [ 'es6-shim',
163 silly addNameRange   [ '0.1.0',
163 silly addNameRange     '0.2.0',
163 silly addNameRange     '0.2.1',
163 silly addNameRange     '0.3.0',
163 silly addNameRange     '0.3.1',
163 silly addNameRange     '0.4.0',
163 silly addNameRange     '0.4.1',
163 silly addNameRange     '0.5.0',
163 silly addNameRange     '0.5.1',
163 silly addNameRange     '0.5.2',
163 silly addNameRange     '0.5.3',
163 silly addNameRange     '0.6.0',
163 silly addNameRange     '0.7.0',
163 silly addNameRange     '0.8.0',
163 silly addNameRange     '0.9.0',
163 silly addNameRange     '0.9.1',
163 silly addNameRange     '0.9.2',
163 silly addNameRange     '0.9.3',
163 silly addNameRange     '0.10.0',
163 silly addNameRange     '0.10.1',
163 silly addNameRange     '0.11.0',
163 silly addNameRange     '0.11.1',
163 silly addNameRange     '0.12.0',
163 silly addNameRange     '0.13.0',
163 silly addNameRange     '0.14.0',
163 silly addNameRange     '0.15.0',
163 silly addNameRange     '0.15.1',
163 silly addNameRange     '0.16.0',
163 silly addNameRange     '0.17.0',
163 silly addNameRange     '0.18.0',
163 silly addNameRange     '0.19.0',
163 silly addNameRange     '0.19.1',
163 silly addNameRange     '0.19.2',
163 silly addNameRange     '0.20.0',
163 silly addNameRange     '0.20.1',
163 silly addNameRange     '0.20.2',
163 silly addNameRange     '0.20.3',
163 silly addNameRange     '0.20.4',
163 silly addNameRange     '0.21.0',
163 silly addNameRange     '0.21.1',
163 silly addNameRange     '0.22.0',
163 silly addNameRange     '0.22.1',
163 silly addNameRange     '0.22.2',
163 silly addNameRange     '0.23.0',
163 silly addNameRange     '0.24.0',
163 silly addNameRange     '0.25.0',
163 silly addNameRange     '0.25.1',
163 silly addNameRange     '0.25.2',
163 silly addNameRange     '0.25.3',
163 silly addNameRange     '0.26.0',
163 silly addNameRange     '0.26.1',
163 silly addNameRange     '0.27.1',
163 silly addNameRange     '0.28.1' ] ]
164 verbose addNamed [ 'es6-shim', '0.16.0' ]
165 verbose addNamed [ '0.16.0', '0.16.0' ]
166 silly lockFile 31b38817-es6-shim-0-16-0 es6-shim@0.16.0
167 verbose lock es6-shim@0.16.0 /Users/hugh/.npm/31b38817-es6-shim-0-16-0.lock
168 silly lockFile 4ab49f3e-org-es6-shim-es6-shim-0-16-0-tgz https://registry.npmjs.org/es6-shim/-/es6-shim-0.16.0.tgz
169 verbose lock https://registry.npmjs.org/es6-shim/-/es6-shim-0.16.0.tgz /Users/hugh/.npm/4ab49f3e-org-es6-shim-es6-shim-0-16-0-tgz.lock
170 verbose addRemoteTarball [ 'https://registry.npmjs.org/es6-shim/-/es6-shim-0.16.0.tgz',
170 verbose addRemoteTarball   '07e122909722d0fce581b17f64d1505c98094454' ]
171 info retry fetch attempt 1 at 18:19:37
172 verbose fetch to= /var/folders/dz/1kw3gm352pz7x3yy5zt8qn9h0000gn/T/npm-62989-Sovv27h-/registry.npmjs.org/es6-shim/-/es6-shim-0.16.0.tgz
173 http GET https://registry.npmjs.org/es6-shim/-/es6-shim-0.16.0.tgz
174 http 200 https://registry.npmjs.org/native-promise-only
175 silly registry.get cb [ 200,
175 silly registry.get   { date: 'Fri, 17 Apr 2015 17:19:37 GMT',
175 silly registry.get     server: 'CouchDB/1.5.0 (Erlang OTP/R16B03)',
175 silly registry.get     etag: '"82LJLO10ZWZ5Z2UIKBLE0RDKO"',
175 silly registry.get     'content-type': 'application/json',
175 silly registry.get     'cache-control': 'max-age=60',
175 silly registry.get     'content-length': '60856',
175 silly registry.get     'accept-ranges': 'bytes',
175 silly registry.get     via: '1.1 varnish',
175 silly registry.get     age: '0',
175 silly registry.get     'x-served-by': 'cache-ams4145-AMS',
175 silly registry.get     'x-cache': 'HIT',
175 silly registry.get     'x-cache-hits': '1',
175 silly registry.get     'x-timer': 'S1429291177.317625,VS0,VE167',
175 silly registry.get     vary: 'Accept',
175 silly registry.get     'keep-alive': 'timeout=10, max=50',
175 silly registry.get     connection: 'Keep-Alive' } ]
176 silly addNameRange number 2 { name: 'native-promise-only',
176 silly addNameRange   range: '>=0.7.6-a <0.8.0-0',
176 silly addNameRange   hasData: true }
177 silly addNameRange versions [ 'native-promise-only',
177 silly addNameRange   [ '0.0.0-a',
177 silly addNameRange     '0.0.1-a',
177 silly addNameRange     '0.0.2-a',
177 silly addNameRange     '0.0.3-a',
177 silly addNameRange     '0.0.4-a',
177 silly addNameRange     '0.0.5-a',
177 silly addNameRange     '0.1.0-a',
177 silly addNameRange     '0.1.1-a',
177 silly addNameRange     '0.2.0-a',
177 silly addNameRange     '0.2.1-a',
177 silly addNameRange     '0.2.1-b',
177 silly addNameRange     '0.2.1-c',
177 silly addNameRange     '0.3.0-a',
177 silly addNameRange     '0.3.1-a',
177 silly addNameRange     '0.4.0-a',
177 silly addNameRange     '0.4.0-b',
177 silly addNameRange     '0.4.0-c',
177 silly addNameRange     '0.4.0-d',
177 silly addNameRange     '0.4.0-e',
177 silly addNameRange     '0.4.0-f',
177 silly addNameRange     '0.4.0-g',
177 silly addNameRange     '0.4.0-h',
177 silly addNameRange     '0.4.1-a',
177 silly addNameRange     '0.4.1-b',
177 silly addNameRange     '0.4.1-c',
177 silly addNameRange     '0.4.1-d',
177 silly addNameRange     '0.4.1-e',
177 silly addNameRange     '0.4.1-f',
177 silly addNameRange     '0.4.1-g',
177 silly addNameRange     '0.4.2-a',
177 silly addNameRange     '0.5.0-a',
177 silly addNameRange     '0.6.0-a',
177 silly addNameRange     '0.7.0-a',
177 silly addNameRange     '0.7.1-a',
177 silly addNameRange     '0.7.2-a',
177 silly addNameRange     '0.7.3-a',
177 silly addNameRange     '0.7.3-b',
177 silly addNameRange     '0.7.3-c',
177 silly addNameRange     '0.7.4-a',
177 silly addNameRange     '0.7.5-a',
177 silly addNameRange     '0.7.5-b',
177 silly addNameRange     '0.7.5-c',
177 silly addNameRange     '0.7.5-d',
177 silly addNameRange     '0.7.5-e',
177 silly addNameRange     '0.7.6-a',
177 silly addNameRange     '0.7.7-a',
177 silly addNameRange     '0.7.8-a' ] ]
178 verbose addNamed [ 'native-promise-only', '0.7.8-a' ]
179 verbose addNamed [ '0.7.8-a', '0.7.8-a' ]
180 silly lockFile 5ab42acd-native-promise-only-0-7-8-a native-promise-only@0.7.8-a
181 verbose lock native-promise-only@0.7.8-a /Users/hugh/.npm/5ab42acd-native-promise-only-0-7-8-a.lock
182 silly lockFile 4b09bb85--native-promise-only-0-7-8-a-tgz https://registry.npmjs.org/native-promise-only/-/native-promise-only-0.7.8-a.tgz
183 verbose lock https://registry.npmjs.org/native-promise-only/-/native-promise-only-0.7.8-a.tgz /Users/hugh/.npm/4b09bb85--native-promise-only-0-7-8-a-tgz.lock
184 verbose addRemoteTarball [ 'https://registry.npmjs.org/native-promise-only/-/native-promise-only-0.7.8-a.tgz',
184 verbose addRemoteTarball   '7a6df281ddd35a3890c0bcc67de7c4fc68c7beda' ]
185 info retry fetch attempt 1 at 18:19:37
186 verbose fetch to= /var/folders/dz/1kw3gm352pz7x3yy5zt8qn9h0000gn/T/npm-62989-Sovv27h-/registry.npmjs.org/native-promise-only/-/native-promise-only-0.7.8-a.tgz
187 http GET https://registry.npmjs.org/native-promise-only/-/native-promise-only-0.7.8-a.tgz
188 silly lockFile 0d74032f-pmjs-org-lodash-lodash-2-4-1-tgz https://registry.npmjs.org/lodash/-/lodash-2.4.1.tgz
189 silly lockFile 0d74032f-pmjs-org-lodash-lodash-2-4-1-tgz https://registry.npmjs.org/lodash/-/lodash-2.4.1.tgz
190 silly lockFile 8502be2a-lodash-2-4-1 lodash@2.4.1
191 silly lockFile 8502be2a-lodash-2-4-1 lodash@2.4.1
192 silly lockFile 59759450-lodash-2-4-1 lodash@^2.4.1
193 silly lockFile 59759450-lodash-2-4-1 lodash@^2.4.1
194 http 200 https://registry.npmjs.org/es6-shim/-/es6-shim-0.16.0.tgz
195 http 200 https://registry.npmjs.org/native-promise-only/-/native-promise-only-0.7.8-a.tgz
196 silly lockFile 4b09bb85--native-promise-only-0-7-8-a-tgz https://registry.npmjs.org/native-promise-only/-/native-promise-only-0.7.8-a.tgz
197 silly lockFile 4b09bb85--native-promise-only-0-7-8-a-tgz https://registry.npmjs.org/native-promise-only/-/native-promise-only-0.7.8-a.tgz
198 silly lockFile 5ab42acd-native-promise-only-0-7-8-a native-promise-only@0.7.8-a
199 silly lockFile 5ab42acd-native-promise-only-0-7-8-a native-promise-only@0.7.8-a
200 silly lockFile 5fc0ce29-native-promise-only-0-7-6-a native-promise-only@^0.7.6-a
201 silly lockFile 5fc0ce29-native-promise-only-0-7-6-a native-promise-only@^0.7.6-a
202 silly lockFile 4ab49f3e-org-es6-shim-es6-shim-0-16-0-tgz https://registry.npmjs.org/es6-shim/-/es6-shim-0.16.0.tgz
203 silly lockFile 4ab49f3e-org-es6-shim-es6-shim-0-16-0-tgz https://registry.npmjs.org/es6-shim/-/es6-shim-0.16.0.tgz
204 silly lockFile 31b38817-es6-shim-0-16-0 es6-shim@0.16.0
205 silly lockFile 31b38817-es6-shim-0-16-0 es6-shim@0.16.0
206 silly lockFile 0ea6a88d-es6-shim-0-16-0 es6-shim@^0.16.0
207 silly lockFile 0ea6a88d-es6-shim-0-16-0 es6-shim@^0.16.0
208 http 304 https://registry.npmjs.org/mathjs
209 silly registry.get cb [ 304,
209 silly registry.get   { date: 'Fri, 17 Apr 2015 17:19:37 GMT',
209 silly registry.get     server: 'Apache',
209 silly registry.get     via: '1.1 varnish',
209 silly registry.get     'last-modified': 'Fri, 17 Apr 2015 17:19:38 GMT',
209 silly registry.get     'cache-control': 'max-age=60',
209 silly registry.get     etag: '"69OYOC75S6WNK6N267F6Z4943"',
209 silly registry.get     age: '0',
209 silly registry.get     'x-served-by': 'cache-ams4123-AMS',
209 silly registry.get     'x-cache': 'HIT',
209 silly registry.get     'x-cache-hits': '1',
209 silly registry.get     'x-timer': 'S1429291177.325014,VS0,VE715',
209 silly registry.get     vary: 'Accept',
209 silly registry.get     'content-length': '0',
209 silly registry.get     'keep-alive': 'timeout=10, max=50',
209 silly registry.get     connection: 'Keep-Alive' } ]
210 verbose etag https://registry.npmjs.org/mathjs from cache
211 silly addNameRange number 2 { name: 'mathjs', range: '>=0.9.0-0 <0.10.0-0', hasData: true }
212 silly addNameRange versions [ 'mathjs',
212 silly addNameRange   [ '0.0.2',
212 silly addNameRange     '0.1.0',
212 silly addNameRange     '0.2.0',
212 silly addNameRange     '0.3.0',
212 silly addNameRange     '0.4.0',
212 silly addNameRange     '0.5.0',
212 silly addNameRange     '0.6.0',
212 silly addNameRange     '0.7.0',
212 silly addNameRange     '0.7.1',
212 silly addNameRange     '0.7.2',
212 silly addNameRange     '0.8.0',
212 silly addNameRange     '0.8.1',
212 silly addNameRange     '0.8.2',
212 silly addNameRange     '0.9.0',
212 silly addNameRange     '0.9.1',
212 silly addNameRange     '0.10.0',
212 silly addNameRange     '0.11.0',
212 silly addNameRange     '0.11.1',
212 silly addNameRange     '0.12.0',
212 silly addNameRange     '0.12.1',
212 silly addNameRange     '0.13.0',
212 silly addNameRange     '0.14.0',
212 silly addNameRange     '0.15.0',
212 silly addNameRange     '0.16.0',
212 silly addNameRange     '0.17.0',
212 silly addNameRange     '0.17.1',
212 silly addNameRange     '0.18.0',
212 silly addNameRange     '0.18.1',
212 silly addNameRange     '0.19.0',
212 silly addNameRange     '0.20.0',
212 silly addNameRange     '0.21.0',
212 silly addNameRange     '0.21.1',
212 silly addNameRange     '0.22.0',
212 silly addNameRange     '0.23.0',
212 silly addNameRange     '0.24.1',
212 silly addNameRange     '0.25.0',
212 silly addNameRange     '0.26.0',
212 silly addNameRange     '0.27.0',
212 silly addNameRange     '1.0.0',
212 silly addNameRange     '1.0.1',
212 silly addNameRange     '1.1.0',
212 silly addNameRange     '1.1.1',
212 silly addNameRange     '1.2.0',
212 silly addNameRange     '1.3.0',
212 silly addNameRange     '1.4.0',
212 silly addNameRange     '1.5.0',
212 silly addNameRange     '1.5.1',
212 silly addNameRange     '1.5.2' ] ]
213 verbose addNamed [ 'mathjs', '0.9.1' ]
214 verbose addNamed [ '0.9.1', '0.9.1' ]
215 silly lockFile b322e88f-mathjs-0-9-1 mathjs@0.9.1
216 verbose lock mathjs@0.9.1 /Users/hugh/.npm/b322e88f-mathjs-0-9-1.lock
217 silly lockFile b322e88f-mathjs-0-9-1 mathjs@0.9.1
218 silly lockFile b322e88f-mathjs-0-9-1 mathjs@0.9.1
219 silly lockFile 2c607a76-mathjs-0-9-x mathjs@0.9.x
220 silly lockFile 2c607a76-mathjs-0-9-x mathjs@0.9.x
221 http 304 https://registry.npmjs.org/av
222 silly registry.get cb [ 304,
222 silly registry.get   { date: 'Fri, 17 Apr 2015 17:19:37 GMT',
222 silly registry.get     server: 'Apache',
222 silly registry.get     via: '1.1 varnish',
222 silly registry.get     'last-modified': 'Fri, 17 Apr 2015 17:19:38 GMT',
222 silly registry.get     'cache-control': 'max-age=60',
222 silly registry.get     etag: '"9HS1CCMB80ZEJ282OPI569Z8J"',
222 silly registry.get     age: '0',
222 silly registry.get     'x-served-by': 'cache-ams4120-AMS',
222 silly registry.get     'x-cache': 'MISS',
222 silly registry.get     'x-cache-hits': '0',
222 silly registry.get     'x-timer': 'S1429291177.312791,VS0,VE841',
222 silly registry.get     vary: 'Accept',
222 silly registry.get     'content-length': '0',
222 silly registry.get     'keep-alive': 'timeout=10, max=50',
222 silly registry.get     connection: 'Keep-Alive' } ]
223 verbose etag https://registry.npmjs.org/av from cache
224 silly addNameRange number 2 { name: 'av', range: '>=0.2.0-0 <0.3.0-0', hasData: true }
225 silly addNameRange versions [ 'av',
225 silly addNameRange   [ '0.1.0',
225 silly addNameRange     '0.2.0',
225 silly addNameRange     '0.2.1',
225 silly addNameRange     '0.3.0',
225 silly addNameRange     '0.3.1',
225 silly addNameRange     '0.4.0',
225 silly addNameRange     '0.4.1',
225 silly addNameRange     '0.4.2',
225 silly addNameRange     '0.4.3',
225 silly addNameRange     '0.4.4' ] ]
226 verbose addNamed [ 'av', '0.2.1' ]
227 verbose addNamed [ '0.2.1', '0.2.1' ]
228 silly lockFile b475e6f2-av-0-2-1 av@0.2.1
229 verbose lock av@0.2.1 /Users/hugh/.npm/b475e6f2-av-0-2-1.lock
230 silly lockFile 2b4e9b4b-gistry-npmjs-org-av-av-0-2-1-tgz https://registry.npmjs.org/av/-/av-0.2.1.tgz
231 verbose lock https://registry.npmjs.org/av/-/av-0.2.1.tgz /Users/hugh/.npm/2b4e9b4b-gistry-npmjs-org-av-av-0-2-1-tgz.lock
232 verbose addRemoteTarball [ 'https://registry.npmjs.org/av/-/av-0.2.1.tgz',
232 verbose addRemoteTarball   'bd8689833dbca53403938a18dfb5f00f876f3854' ]
233 info retry fetch attempt 1 at 18:19:38
234 verbose fetch to= /var/folders/dz/1kw3gm352pz7x3yy5zt8qn9h0000gn/T/npm-62989-Sovv27h-/registry.npmjs.org/av/-/av-0.2.1.tgz
235 http GET https://registry.npmjs.org/av/-/av-0.2.1.tgz
236 http 200 https://registry.npmjs.org/av/-/av-0.2.1.tgz
237 silly lockFile 2b4e9b4b-gistry-npmjs-org-av-av-0-2-1-tgz https://registry.npmjs.org/av/-/av-0.2.1.tgz
238 silly lockFile 2b4e9b4b-gistry-npmjs-org-av-av-0-2-1-tgz https://registry.npmjs.org/av/-/av-0.2.1.tgz
239 silly lockFile b475e6f2-av-0-2-1 av@0.2.1
240 silly lockFile b475e6f2-av-0-2-1 av@0.2.1
241 silly lockFile 8f350a66-av-0-2-x av@0.2.x
242 silly lockFile 8f350a66-av-0-2-x av@0.2.x
243 silly resolved [ { name: 'async',
243 silly resolved     description: 'Higher-order functions and common patterns for asynchronous code',
243 silly resolved     main: './lib/async',
243 silly resolved     author: { name: 'Caolan McMahon' },
243 silly resolved     version: '0.2.10',
243 silly resolved     repository: { type: 'git', url: 'https://github.com/caolan/async.git' },
243 silly resolved     bugs: { url: 'https://github.com/caolan/async/issues' },
243 silly resolved     licenses: [ [Object] ],
243 silly resolved     devDependencies: { nodeunit: '>0.0.0', 'uglify-js': '1.2.x', nodelint: '>0.0.0' },
243 silly resolved     jam: { main: 'lib/async.js', include: [Object] },
243 silly resolved     scripts: { test: 'nodeunit test/test-async.js' },
243 silly resolved     _id: 'async@0.2.10',
243 silly resolved     dist:
243 silly resolved      { shasum: 'b6bbe0b0674b9d719708ca38de8c237cb526c3d1',
243 silly resolved        tarball: 'http://registry.npmjs.org/async/-/async-0.2.10.tgz' },
243 silly resolved     _from: 'async@0.2.x',
243 silly resolved     _npmVersion: '1.3.2',
243 silly resolved     _npmUser: { name: 'caolan', email: 'caolan.mcmahon@gmail.com' },
243 silly resolved     maintainers: [ [Object] ],
243 silly resolved     directories: {},
243 silly resolved     _shasum: 'b6bbe0b0674b9d719708ca38de8c237cb526c3d1',
243 silly resolved     _resolved: 'https://registry.npmjs.org/async/-/async-0.2.10.tgz',
243 silly resolved     readme: 'ERROR: No README data found!',
243 silly resolved     homepage: 'https://github.com/caolan/async' },
243 silly resolved   { name: 'lodash',
243 silly resolved     version: '2.4.1',
243 silly resolved     description: 'A utility library delivering consistency, customization, performance, & extras.',
243 silly resolved     homepage: 'http://lodash.com/',
243 silly resolved     license: 'MIT',
243 silly resolved     main: 'dist/lodash.js',
243 silly resolved     keywords:
243 silly resolved      [ 'amd',
243 silly resolved        'browser',
243 silly resolved        'client',
243 silly resolved        'customize',
243 silly resolved        'functional',
243 silly resolved        'server',
243 silly resolved        'util' ],
243 silly resolved     author:
243 silly resolved      { name: 'John-David Dalton',
243 silly resolved        email: 'john.david.dalton@gmail.com',
243 silly resolved        url: 'http://allyoucanleet.com/' },
243 silly resolved     contributors: [ [Object], [Object], [Object], [Object] ],
243 silly resolved     bugs: { url: 'https://github.com/lodash/lodash/issues' },
243 silly resolved     repository: { type: 'git', url: 'https://github.com/lodash/lodash.git' },
243 silly resolved     engines: [ 'node', 'rhino' ],
243 silly resolved     files:
243 silly resolved      [ 'LICENSE.txt',
243 silly resolved        'lodash.js',
243 silly resolved        'dist/lodash.js',
243 silly resolved        'dist/lodash.min.js',
243 silly resolved        'dist/lodash.compat.js',
243 silly resolved        'dist/lodash.compat.min.js',
243 silly resolved        'dist/lodash.underscore.js',
243 silly resolved        'dist/lodash.underscore.min.js' ],
243 silly resolved     jam: { main: 'dist/lodash.compat.js', include: [Object] },
243 silly resolved     volo: { type: 'directory', ignore: [Object] },
243 silly resolved     _id: 'lodash@2.4.1',
243 silly resolved     dist:
243 silly resolved      { shasum: '5b7723034dda4d262e5a46fb2c58d7cc22f71420',
243 silly resolved        tarball: 'http://registry.npmjs.org/lodash/-/lodash-2.4.1.tgz' },
243 silly resolved     _from: 'lodash@^2.4.1',
243 silly resolved     _npmVersion: '1.3.14',
243 silly resolved     _npmUser: { name: 'jdalton', email: 'john.david.dalton@gmail.com' },
243 silly resolved     maintainers: [ [Object], [Object], [Object], [Object] ],
243 silly resolved     directories: {},
243 silly resolved     _shasum: '5b7723034dda4d262e5a46fb2c58d7cc22f71420',
243 silly resolved     _resolved: 'https://registry.npmjs.org/lodash/-/lodash-2.4.1.tgz' },
243 silly resolved   { name: 'native-promise-only',
243 silly resolved     version: '0.7.8-a',
243 silly resolved     description: 'Native Promise Only: A polyfill for native ES6 Promises **only**, nothing else.',
243 silly resolved     main: './npo.js',
243 silly resolved     scripts:
243 silly resolved      { test: 'promises-aplus-tests test_adapter.js',
243 silly resolved        build: './build.js' },
243 silly resolved     devDependencies: { 'promises-aplus-tests': '*', 'uglify-js': '~2.4.8' },
243 silly resolved     repository:
243 silly resolved      { type: 'git',
243 silly resolved        url: 'git://github.com/getify/native-promise-only.git' },
243 silly resolved     keywords: [ 'ES6', 'Promise', 'async', 'promises-aplus' ],
243 silly resolved     bugs:
243 silly resolved      { url: 'https://github.com/getify/native-promise-only/issues',
243 silly resolved        email: 'getify@gmail.com' },
243 silly resolved     homepage: 'http://github.com/getify/native-promise-only',
243 silly resolved     author: { name: 'Kyle Simpson', email: 'getify@gmail.com' },
243 silly resolved     license: 'MIT',
243 silly resolved     gitHead: 'ca4bdb9f244c4dad4df045c34aaf019fffb3d381',
243 silly resolved     _id: 'native-promise-only@0.7.8-a',
243 silly resolved     _shasum: '7a6df281ddd35a3890c0bcc67de7c4fc68c7beda',
243 silly resolved     _from: 'native-promise-only@^0.7.6-a',
243 silly resolved     _npmVersion: '2.7.1',
243 silly resolved     _nodeVersion: '1.6.2',
243 silly resolved     _npmUser: { name: 'getify', email: 'getify@gmail.com' },
243 silly resolved     maintainers: [ [Object] ],
243 silly resolved     dist:
243 silly resolved      { shasum: '7a6df281ddd35a3890c0bcc67de7c4fc68c7beda',
243 silly resolved        tarball: 'http://registry.npmjs.org/native-promise-only/-/native-promise-only-0.7.8-a.tgz' },
243 silly resolved     directories: {},
243 silly resolved     _resolved: 'https://registry.npmjs.org/native-promise-only/-/native-promise-only-0.7.8-a.tgz' },
243 silly resolved   { author: { name: 'Paul Miller', url: 'http://paulmillr.com' },
243 silly resolved     name: 'es6-shim',
243 silly resolved     version: '0.16.0',
243 silly resolved     description: 'ECMAScript 6 (Harmony) compatibility shims for legacy JavaScript engines',
243 silly resolved     keywords:
243 silly resolved      [ 'ecmascript',
243 silly resolved        'harmony',
243 silly resolved        'es6',
243 silly resolved        'shim',
243 silly resolved        'promise',
243 silly resolved        'promises',
243 silly resolved        'setPrototypeOf',
243 silly resolved        'map',
243 silly resolved        'set',
243 silly resolved        '__proto__' ],
243 silly resolved     homepage: 'https://github.com/paulmillr/es6-shim/',
243 silly resolved     repository: { type: 'git', url: 'git://github.com/paulmillr/es6-shim.git' },
243 silly resolved     main: 'es6-shim',
243 silly resolved     scripts:
243 silly resolved      { lint: 'jshint es6-shim.js',
243 silly resolved        test: 'npm run lint && mocha test/*.js test/*/*.js',
243 silly resolved        'test-native': 'jshint es6-shim.js && NO_ES6_SHIM=1 mocha test/*.js test/*/*.js',
243 silly resolved        minify: 'uglifyjs es6-shim.js --comments --source-map=es6-shim.map -m -b ascii_only=true,beautify=false > es6-shim.min.js' },
243 silly resolved     testling: { html: 'testling.html', browsers: [Object] },
243 silly resolved     dependencies: {},
243 silly resolved     devDependencies:
243 silly resolved      { chai: '~1.9.1',
243 silly resolved        'es5-shim': '~4.0.1',
243 silly resolved        jshint: '~2.5.0',
243 silly resolved        mocha: '~1.21.0',
243 silly resolved        'promises-aplus-tests': '~2.0.4',
243 silly resolved        'promises-es6-tests': '~0.3.2',
243 silly resolved        'uglify-js': '~2.4.12' },
243 silly resolved     gitHead: 'cf842ca09f5fa4e8333e572e3c2fc55c085fe8d8',
243 silly resolved     bugs: { url: 'https://github.com/paulmillr/es6-shim/issues' },
243 silly resolved     _id: 'es6-shim@0.16.0',
243 silly resolved     _shasum: '07e122909722d0fce581b17f64d1505c98094454',
243 silly resolved     _from: 'es6-shim@^0.16.0',
243 silly resolved     _npmVersion: '1.4.21',
243 silly resolved     _npmUser: { name: 'ljharb', email: 'ljharb@gmail.com' },
243 silly resolved     maintainers: [ [Object], [Object] ],
243 silly resolved     dist:
243 silly resolved      { shasum: '07e122909722d0fce581b17f64d1505c98094454',
243 silly resolved        tarball: 'http://registry.npmjs.org/es6-shim/-/es6-shim-0.16.0.tgz' },
243 silly resolved     directories: {},
243 silly resolved     _resolved: 'https://registry.npmjs.org/es6-shim/-/es6-shim-0.16.0.tgz' },
243 silly resolved   { name: 'mathjs',
243 silly resolved     version: '0.9.1',
243 silly resolved     description: 'Math.js is an extensive math library for JavaScript and Node.js. It features real and complex numbers, units, matrices, a large set of mathematical functions, and a flexible expression parser.',
243 silly resolved     author: { name: 'Jos de Jong', email: 'wjosdejong@gmail.com' },
243 silly resolved     contributors: [ [Object] ],
243 silly resolved     homepage: 'http://mathjs.org',
243 silly resolved     repository: { type: 'git', url: 'git://github.com/josdejong/mathjs.git' },
243 silly resolved     keywords:
243 silly resolved      [ 'math',
243 silly resolved        'mathematics',
243 silly resolved        'functions',
243 silly resolved        'numeric',
243 silly resolved        'parser',
243 silly resolved        'expression',
243 silly resolved        'real',
243 silly resolved        'complex',
243 silly resolved        'matrix',
243 silly resolved        'unit' ],
243 silly resolved     dependencies: {},
243 silly resolved     devDependencies:
243 silly resolved      { jake: '>= 0.5.9',
243 silly resolved        'uglify-js': '>= 2.2.5',
243 silly resolved        nodeunit: '>= 0.7.4',
243 silly resolved        dateable: '>= 0.1.2',
243 silly resolved        numbers: 'latest' },
243 silly resolved     scripts: { test: 'jake test --trace' },
243 silly resolved     main: './math.js',
243 silly resolved     bin: { mathjs: './bin/cli.js' },
243 silly resolved     engines: { node: '*' },
243 silly resolved     bugs: { url: 'https://github.com/josdejong/mathjs/issues' },
243 silly resolved     _id: 'mathjs@0.9.1',
243 silly resolved     dist:
243 silly resolved      { shasum: 'a5100141eba84f729ca7992304829b0cc2958a87',
243 silly resolved        tarball: 'http://registry.npmjs.org/mathjs/-/mathjs-0.9.1.tgz' },
243 silly resolved     _from: 'mathjs@0.9.x',
243 silly resolved     _npmVersion: '1.2.30',
243 silly resolved     _npmUser: { name: 'josdejong', email: 'wjosdejong@gmail.com' },
243 silly resolved     maintainers: [ [Object] ],
243 silly resolved     directories: {},
243 silly resolved     _shasum: 'a5100141eba84f729ca7992304829b0cc2958a87',
243 silly resolved     _resolved: 'https://registry.npmjs.org/mathjs/-/mathjs-0.9.1.tgz',
243 silly resolved     readme: 'ERROR: No README data found!' },
243 silly resolved   { name: 'av',
243 silly resolved     description: 'Audio decoding framework',
243 silly resolved     version: '0.2.1',
243 silly resolved     author: { name: 'Audiocogs', url: 'http://audiocogs.org/' },
243 silly resolved     repository:
243 silly resolved      { type: 'git',
243 silly resolved        url: 'https://github.com/audiocogs/aurora.js.git' },
243 silly resolved     bugs: { url: 'https://github.com/audiocogs/aurora.js/issues' },
243 silly resolved     devDependencies: { 'coffee-script': '>=1.0', 'qunit-cli': '*', importer: '>=0.4' },
243 silly resolved     scripts:
243 silly resolved      { prepublish: 'node_modules/.bin/importer node.coffee node.js',
243 silly resolved        test: 'node_modules/.bin/importer tests/test.coffee' },
243 silly resolved     engine: [ 'node >= v0.6.0' ],
243 silly resolved     main: 'node.js',
243 silly resolved     _id: 'av@0.2.1',
243 silly resolved     dist:
243 silly resolved      { shasum: 'bd8689833dbca53403938a18dfb5f00f876f3854',
243 silly resolved        tarball: 'http://registry.npmjs.org/av/-/av-0.2.1.tgz' },
243 silly resolved     _from: 'av@0.2.x',
243 silly resolved     _npmVersion: '1.3.7',
243 silly resolved     _npmUser: { name: 'devongovett', email: 'devongovett@gmail.com' },
243 silly resolved     maintainers: [ [Object] ],
243 silly resolved     directories: {},
243 silly resolved     _shasum: 'bd8689833dbca53403938a18dfb5f00f876f3854',
243 silly resolved     _resolved: 'https://registry.npmjs.org/av/-/av-0.2.1.tgz' } ]
244 info install async@0.2.10 into /Users/hugh/Development/node-web-audio-api
245 info install lodash@2.4.1 into /Users/hugh/Development/node-web-audio-api
246 info install native-promise-only@0.7.8-a into /Users/hugh/Development/node-web-audio-api
247 info install es6-shim@0.16.0 into /Users/hugh/Development/node-web-audio-api
248 info install mathjs@0.9.1 into /Users/hugh/Development/node-web-audio-api
249 info install av@0.2.1 into /Users/hugh/Development/node-web-audio-api
250 info installOne async@0.2.10
251 info installOne lodash@2.4.1
252 info installOne native-promise-only@0.7.8-a
253 info installOne es6-shim@0.16.0
254 info installOne mathjs@0.9.1
255 info installOne av@0.2.1
256 verbose node_modules/mathjs unbuild
257 verbose node_modules/async unbuild
258 info preuninstall async@0.9.0
259 info uninstall async@0.9.0
260 verbose tar unpack /Users/hugh/.npm/mathjs/0.9.1/package.tgz
261 silly lockFile fd1cb804-eb-audio-api-node-modules-mathjs tar:///Users/hugh/Development/node-web-audio-api/node_modules/mathjs
262 verbose lock tar:///Users/hugh/Development/node-web-audio-api/node_modules/mathjs /Users/hugh/.npm/fd1cb804-eb-audio-api-node-modules-mathjs.lock
263 silly lockFile 730bb697-ugh-npm-mathjs-0-9-1-package-tgz tar:///Users/hugh/.npm/mathjs/0.9.1/package.tgz
264 verbose lock tar:///Users/hugh/.npm/mathjs/0.9.1/package.tgz /Users/hugh/.npm/730bb697-ugh-npm-mathjs-0-9-1-package-tgz.lock
265 verbose true,/Users/hugh/Development/node-web-audio-api/node_modules,/Users/hugh/Development/node-web-audio-api/node_modules unbuild async@0.9.0
266 info postuninstall async@0.9.0
267 verbose node_modules/lodash unbuild
268 verbose node_modules/native-promise-only unbuild
269 verbose node_modules/es6-shim unbuild
270 verbose node_modules/av unbuild
271 info preuninstall av@0.4.4
272 silly gunzTarPerm modes [ '755', '644' ]
273 verbose tar unpack /Users/hugh/.npm/lodash/2.4.1/package.tgz
274 silly lockFile b11f36e7-eb-audio-api-node-modules-lodash tar:///Users/hugh/Development/node-web-audio-api/node_modules/lodash
275 verbose lock tar:///Users/hugh/Development/node-web-audio-api/node_modules/lodash /Users/hugh/.npm/b11f36e7-eb-audio-api-node-modules-lodash.lock
276 silly lockFile 599c3d30-ugh-npm-lodash-2-4-1-package-tgz tar:///Users/hugh/.npm/lodash/2.4.1/package.tgz
277 verbose lock tar:///Users/hugh/.npm/lodash/2.4.1/package.tgz /Users/hugh/.npm/599c3d30-ugh-npm-lodash-2-4-1-package-tgz.lock
278 verbose tar unpack /Users/hugh/.npm/native-promise-only/0.7.8-a/package.tgz
279 silly lockFile aba593bd-node-modules-native-promise-only tar:///Users/hugh/Development/node-web-audio-api/node_modules/native-promise-only
280 verbose lock tar:///Users/hugh/Development/node-web-audio-api/node_modules/native-promise-only /Users/hugh/.npm/aba593bd-node-modules-native-promise-only.lock
281 silly lockFile f19ae668-promise-only-0-7-8-a-package-tgz tar:///Users/hugh/.npm/native-promise-only/0.7.8-a/package.tgz
282 verbose lock tar:///Users/hugh/.npm/native-promise-only/0.7.8-a/package.tgz /Users/hugh/.npm/f19ae668-promise-only-0-7-8-a-package-tgz.lock
283 verbose tar unpack /Users/hugh/.npm/es6-shim/0.16.0/package.tgz
284 silly lockFile 033d59d7--audio-api-node-modules-es6-shim tar:///Users/hugh/Development/node-web-audio-api/node_modules/es6-shim
285 verbose lock tar:///Users/hugh/Development/node-web-audio-api/node_modules/es6-shim /Users/hugh/.npm/033d59d7--audio-api-node-modules-es6-shim.lock
286 silly lockFile be9004c7--npm-es6-shim-0-16-0-package-tgz tar:///Users/hugh/.npm/es6-shim/0.16.0/package.tgz
287 verbose lock tar:///Users/hugh/.npm/es6-shim/0.16.0/package.tgz /Users/hugh/.npm/be9004c7--npm-es6-shim-0-16-0-package-tgz.lock
288 info uninstall av@0.4.4
289 verbose true,/Users/hugh/Development/node-web-audio-api/node_modules,/Users/hugh/Development/node-web-audio-api/node_modules unbuild av@0.4.4
290 info postuninstall av@0.4.4
291 silly gunzTarPerm modes [ '755', '644' ]
292 silly gunzTarPerm modes [ '755', '644' ]
293 silly gunzTarPerm modes [ '755', '644' ]
294 silly gunzTarPerm extractEntry package.json
295 verbose tar unpack /Users/hugh/.npm/async/0.2.10/package.tgz
296 silly lockFile 985d21dc-web-audio-api-node-modules-async tar:///Users/hugh/Development/node-web-audio-api/node_modules/async
297 verbose lock tar:///Users/hugh/Development/node-web-audio-api/node_modules/async /Users/hugh/.npm/985d21dc-web-audio-api-node-modules-async.lock
298 silly lockFile 348d9b13-ugh-npm-async-0-2-10-package-tgz tar:///Users/hugh/.npm/async/0.2.10/package.tgz
299 verbose lock tar:///Users/hugh/.npm/async/0.2.10/package.tgz /Users/hugh/.npm/348d9b13-ugh-npm-async-0-2-10-package-tgz.lock
300 silly gunzTarPerm extractEntry package.json
301 silly gunzTarPerm extractEntry README.md
302 silly gunzTarPerm extractEntry package.json
303 silly gunzTarPerm extractEntry package.json
304 silly gunzTarPerm extractEntry LICENSE
305 silly gunzTarPerm modes [ '755', '644' ]
306 silly gunzTarPerm extractEntry README.md
307 silly gunzTarPerm extractEntry lodash.js
308 silly gunzTarPerm extractEntry .npmignore
309 silly gunzTarPerm extractEntry README.md
310 silly gunzTarPerm extractEntry .npmignore
311 silly gunzTarPerm extractEntry README.md
312 silly gunzTarPerm extractEntry package.json
313 silly gunzTarPerm extractEntry math.js
314 verbose tar unpack /Users/hugh/.npm/av/0.2.1/package.tgz
315 silly lockFile 77c8df1d-de-web-audio-api-node-modules-av tar:///Users/hugh/Development/node-web-audio-api/node_modules/av
316 verbose lock tar:///Users/hugh/Development/node-web-audio-api/node_modules/av /Users/hugh/.npm/77c8df1d-de-web-audio-api-node-modules-av.lock
317 silly lockFile ea9d2200-rs-hugh-npm-av-0-2-1-package-tgz tar:///Users/hugh/.npm/av/0.2.1/package.tgz
318 verbose lock tar:///Users/hugh/.npm/av/0.2.1/package.tgz /Users/hugh/.npm/ea9d2200-rs-hugh-npm-av-0-2-1-package-tgz.lock
319 silly gunzTarPerm extractEntry README.md
320 silly gunzTarPerm extractEntry LICENSE
321 silly gunzTarPerm extractEntry component.json
322 silly gunzTarPerm extractEntry lib/async.js
323 silly gunzTarPerm extractEntry build.js
324 silly gunzTarPerm extractEntry npo.js
325 silly gunzTarPerm extractEntry es6-shim.min.js
326 silly gunzTarPerm extractEntry es6-shim.js
327 silly gunzTarPerm extractEntry CHANGELOG.md
328 silly gunzTarPerm extractEntry es6-shim.map
329 silly gunzTarPerm extractEntry component.json
330 silly gunzTarPerm extractEntry bower.json
331 silly gunzTarPerm extractEntry LICENSE.txt
332 silly gunzTarPerm modes [ '755', '644' ]
333 silly gunzTarPerm extractEntry package.json
334 silly gunzTarPerm extractEntry test_adapter.js
335 silly gunzTarPerm extractEntry .npmignore
336 silly gunzTarPerm extractEntry README.md
337 silly gunzTarPerm extractEntry node.js
338 silly gunzTarPerm extractEntry dist/lodash.compat.js
339 silly gunzTarPerm extractEntry dist/lodash.compat.min.js
340 silly gunzTarPerm extractEntry math.min.js
341 silly gunzTarPerm extractEntry lib/npo.src.js
342 silly gunzTarPerm extractEntry HISTORY.md
343 silly gunzTarPerm extractEntry dist/lodash.js
344 silly gunzTarPerm extractEntry NOTICE
345 silly gunzTarPerm extractEntry bin/cli.js
346 silly gunzTarPerm extractEntry examples/basic_usage.js
347 silly lockFile aba593bd-node-modules-native-promise-only tar:///Users/hugh/Development/node-web-audio-api/node_modules/native-promise-only
348 silly lockFile aba593bd-node-modules-native-promise-only tar:///Users/hugh/Development/node-web-audio-api/node_modules/native-promise-only
349 silly lockFile f19ae668-promise-only-0-7-8-a-package-tgz tar:///Users/hugh/.npm/native-promise-only/0.7.8-a/package.tgz
350 silly lockFile f19ae668-promise-only-0-7-8-a-package-tgz tar:///Users/hugh/.npm/native-promise-only/0.7.8-a/package.tgz
351 silly gunzTarPerm extractEntry examples/chained_operations.js
352 info preinstall native-promise-only@0.7.8-a
353 verbose readDependencies using package.json deps
354 verbose readDependencies using package.json deps
355 silly resolved []
356 verbose about to build /Users/hugh/Development/node-web-audio-api/node_modules/native-promise-only
357 info build /Users/hugh/Development/node-web-audio-api/node_modules/native-promise-only
358 verbose linkStuff [ false,
358 verbose linkStuff   false,
358 verbose linkStuff   false,
358 verbose linkStuff   '/Users/hugh/Development/node-web-audio-api/node_modules' ]
359 info linkStuff native-promise-only@0.7.8-a
360 verbose linkBins native-promise-only@0.7.8-a
361 verbose linkMans native-promise-only@0.7.8-a
362 verbose rebuildBundles native-promise-only@0.7.8-a
363 info install native-promise-only@0.7.8-a
364 info postinstall native-promise-only@0.7.8-a
365 silly gunzTarPerm extractEntry examples/complex_numbers.js
366 silly gunzTarPerm extractEntry dist/lodash.min.js
367 silly gunzTarPerm extractEntry examples/expressions.js
368 silly gunzTarPerm extractEntry dist/lodash.underscore.js
369 silly lockFile 985d21dc-web-audio-api-node-modules-async tar:///Users/hugh/Development/node-web-audio-api/node_modules/async
370 silly lockFile 985d21dc-web-audio-api-node-modules-async tar:///Users/hugh/Development/node-web-audio-api/node_modules/async
371 silly lockFile 348d9b13-ugh-npm-async-0-2-10-package-tgz tar:///Users/hugh/.npm/async/0.2.10/package.tgz
372 silly lockFile 348d9b13-ugh-npm-async-0-2-10-package-tgz tar:///Users/hugh/.npm/async/0.2.10/package.tgz
373 silly gunzTarPerm extractEntry examples/import.js
374 info preinstall async@0.2.10
375 verbose readDependencies using package.json deps
376 verbose readDependencies using package.json deps
377 silly resolved []
378 verbose about to build /Users/hugh/Development/node-web-audio-api/node_modules/async
379 info build /Users/hugh/Development/node-web-audio-api/node_modules/async
380 verbose linkStuff [ false,
380 verbose linkStuff   false,
380 verbose linkStuff   false,
380 verbose linkStuff   '/Users/hugh/Development/node-web-audio-api/node_modules' ]
381 info linkStuff async@0.2.10
382 verbose linkBins async@0.2.10
383 verbose linkMans async@0.2.10
384 verbose rebuildBundles async@0.2.10
385 info install async@0.2.10
386 info postinstall async@0.2.10
387 silly gunzTarPerm extractEntry dist/lodash.underscore.min.js
388 silly gunzTarPerm extractEntry examples/matrices.js
389 silly lockFile 77c8df1d-de-web-audio-api-node-modules-av tar:///Users/hugh/Development/node-web-audio-api/node_modules/av
390 silly lockFile 77c8df1d-de-web-audio-api-node-modules-av tar:///Users/hugh/Development/node-web-audio-api/node_modules/av
391 silly lockFile ea9d2200-rs-hugh-npm-av-0-2-1-package-tgz tar:///Users/hugh/.npm/av/0.2.1/package.tgz
392 silly lockFile ea9d2200-rs-hugh-npm-av-0-2-1-package-tgz tar:///Users/hugh/.npm/av/0.2.1/package.tgz
393 silly gunzTarPerm extractEntry examples/units.js
394 info preinstall av@0.2.1
395 verbose readDependencies using package.json deps
396 verbose readDependencies using package.json deps
397 silly resolved []
398 verbose about to build /Users/hugh/Development/node-web-audio-api/node_modules/av
399 info build /Users/hugh/Development/node-web-audio-api/node_modules/av
400 verbose linkStuff [ false,
400 verbose linkStuff   false,
400 verbose linkStuff   false,
400 verbose linkStuff   '/Users/hugh/Development/node-web-audio-api/node_modules' ]
401 info linkStuff av@0.2.1
402 verbose linkBins av@0.2.1
403 verbose linkMans av@0.2.1
404 verbose rebuildBundles av@0.2.1
405 info install av@0.2.1
406 info postinstall av@0.2.1
407 silly gunzTarPerm extractEntry examples/browser_example.html
408 silly lockFile 033d59d7--audio-api-node-modules-es6-shim tar:///Users/hugh/Development/node-web-audio-api/node_modules/es6-shim
409 silly lockFile 033d59d7--audio-api-node-modules-es6-shim tar:///Users/hugh/Development/node-web-audio-api/node_modules/es6-shim
410 silly lockFile be9004c7--npm-es6-shim-0-16-0-package-tgz tar:///Users/hugh/.npm/es6-shim/0.16.0/package.tgz
411 silly lockFile be9004c7--npm-es6-shim-0-16-0-package-tgz tar:///Users/hugh/.npm/es6-shim/0.16.0/package.tgz
412 info preinstall es6-shim@0.16.0
413 verbose readDependencies using package.json deps
414 verbose readDependencies using package.json deps
415 silly resolved []
416 verbose about to build /Users/hugh/Development/node-web-audio-api/node_modules/es6-shim
417 info build /Users/hugh/Development/node-web-audio-api/node_modules/es6-shim
418 verbose linkStuff [ false,
418 verbose linkStuff   false,
418 verbose linkStuff   false,
418 verbose linkStuff   '/Users/hugh/Development/node-web-audio-api/node_modules' ]
419 info linkStuff es6-shim@0.16.0
420 verbose linkBins es6-shim@0.16.0
421 verbose linkMans es6-shim@0.16.0
422 verbose rebuildBundles es6-shim@0.16.0
423 info install es6-shim@0.16.0
424 info postinstall es6-shim@0.16.0
425 silly lockFile fd1cb804-eb-audio-api-node-modules-mathjs tar:///Users/hugh/Development/node-web-audio-api/node_modules/mathjs
426 silly lockFile fd1cb804-eb-audio-api-node-modules-mathjs tar:///Users/hugh/Development/node-web-audio-api/node_modules/mathjs
427 silly lockFile 730bb697-ugh-npm-mathjs-0-9-1-package-tgz tar:///Users/hugh/.npm/mathjs/0.9.1/package.tgz
428 silly lockFile 730bb697-ugh-npm-mathjs-0-9-1-package-tgz tar:///Users/hugh/.npm/mathjs/0.9.1/package.tgz
429 info preinstall mathjs@0.9.1
430 verbose readDependencies using package.json deps
431 verbose readDependencies using package.json deps
432 silly resolved []
433 verbose about to build /Users/hugh/Development/node-web-audio-api/node_modules/mathjs
434 info build /Users/hugh/Development/node-web-audio-api/node_modules/mathjs
435 verbose linkStuff [ false,
435 verbose linkStuff   false,
435 verbose linkStuff   false,
435 verbose linkStuff   '/Users/hugh/Development/node-web-audio-api/node_modules' ]
436 info linkStuff mathjs@0.9.1
437 verbose linkBins mathjs@0.9.1
438 verbose link bins [ { mathjs: './bin/cli.js' },
438 verbose link bins   '/Users/hugh/Development/node-web-audio-api/node_modules/.bin',
438 verbose link bins   false ]
439 verbose linkMans mathjs@0.9.1
440 verbose rebuildBundles mathjs@0.9.1
441 info install mathjs@0.9.1
442 info postinstall mathjs@0.9.1
443 silly lockFile b11f36e7-eb-audio-api-node-modules-lodash tar:///Users/hugh/Development/node-web-audio-api/node_modules/lodash
444 silly lockFile b11f36e7-eb-audio-api-node-modules-lodash tar:///Users/hugh/Development/node-web-audio-api/node_modules/lodash
445 silly lockFile 599c3d30-ugh-npm-lodash-2-4-1-package-tgz tar:///Users/hugh/.npm/lodash/2.4.1/package.tgz
446 silly lockFile 599c3d30-ugh-npm-lodash-2-4-1-package-tgz tar:///Users/hugh/.npm/lodash/2.4.1/package.tgz
447 info preinstall lodash@2.4.1
448 verbose readDependencies using package.json deps
449 verbose readDependencies using package.json deps
450 silly resolved []
451 verbose about to build /Users/hugh/Development/node-web-audio-api/node_modules/lodash
452 info build /Users/hugh/Development/node-web-audio-api/node_modules/lodash
453 verbose linkStuff [ false,
453 verbose linkStuff   false,
453 verbose linkStuff   false,
453 verbose linkStuff   '/Users/hugh/Development/node-web-audio-api/node_modules' ]
454 info linkStuff lodash@2.4.1
455 verbose linkBins lodash@2.4.1
456 verbose linkMans lodash@2.4.1
457 verbose rebuildBundles lodash@2.4.1
458 info install lodash@2.4.1
459 info postinstall lodash@2.4.1
460 info build /Users/hugh/Development/node-web-audio-api
461 verbose linkStuff [ false, false, false, '/Users/hugh/Development' ]
462 info linkStuff web-audio-api@0.1.5
463 verbose linkBins web-audio-api@0.1.5
464 verbose linkMans web-audio-api@0.1.5
465 verbose rebuildBundles web-audio-api@0.1.5
466 verbose rebuildBundles [ '.bin',
466 verbose rebuildBundles   'aac',
466 verbose rebuildBundles   'alac',
466 verbose rebuildBundles   'async',
466 verbose rebuildBundles   'audiobuffer',
466 verbose rebuildBundles   'av',
466 verbose rebuildBundles   'chai',
466 verbose rebuildBundles   'es6-shim',
466 verbose rebuildBundles   'flac',
466 verbose rebuildBundles   'gulp',
466 verbose rebuildBundles   'gulp-contribs',
466 verbose rebuildBundles   'gulp-es6-transpiler',
466 verbose rebuildBundles   'gulp-util',
466 verbose rebuildBundles   'lodash',
466 verbose rebuildBundles   'mathjs',
466 verbose rebuildBundles   'mocha',
466 verbose rebuildBundles   'mp3',
466 verbose rebuildBundles   'native-promise-only',
466 verbose rebuildBundles   'pcm-boilerplate',
466 verbose rebuildBundles   'speaker',
466 verbose rebuildBundles   'underscore' ]
467 verbose rebuild bundle /Users/hugh/Development/node-web-audio-api/node_modules/aac
468 info build /Users/hugh/Development/node-web-audio-api/node_modules/aac
469 info preinstall aac@0.1.0
470 verbose linkStuff [ false,
470 verbose linkStuff   false,
470 verbose linkStuff   false,
470 verbose linkStuff   '/Users/hugh/Development/node-web-audio-api/node_modules' ]
471 info linkStuff aac@0.1.0
472 verbose linkBins aac@0.1.0
473 verbose linkMans aac@0.1.0
474 verbose rebuildBundles aac@0.1.0
475 info install aac@0.1.0
476 info postinstall aac@0.1.0
477 verbose rebuild bundle /Users/hugh/Development/node-web-audio-api/node_modules/alac
478 info build /Users/hugh/Development/node-web-audio-api/node_modules/alac
479 info preinstall alac@0.1.0
480 verbose linkStuff [ false,
480 verbose linkStuff   false,
480 verbose linkStuff   false,
480 verbose linkStuff   '/Users/hugh/Development/node-web-audio-api/node_modules' ]
481 info linkStuff alac@0.1.0
482 verbose linkBins alac@0.1.0
483 verbose linkMans alac@0.1.0
484 verbose rebuildBundles alac@0.1.0
485 info install alac@0.1.0
486 info postinstall alac@0.1.0
487 verbose rebuild bundle /Users/hugh/Development/node-web-audio-api/node_modules/flac
488 info build /Users/hugh/Development/node-web-audio-api/node_modules/flac
489 info preinstall flac@0.3.0
490 verbose linkStuff [ false,
490 verbose linkStuff   false,
490 verbose linkStuff   false,
490 verbose linkStuff   '/Users/hugh/Development/node-web-audio-api/node_modules' ]
491 info linkStuff flac@0.3.0
492 verbose linkBins flac@0.3.0
493 verbose linkMans flac@0.3.0
494 verbose rebuildBundles flac@0.3.0
495 verbose rebuildBundles [ 'abc', 'fsa' ]
496 info install flac@0.3.0
497 info postinstall flac@0.3.0
498 verbose rebuild bundle /Users/hugh/Development/node-web-audio-api/node_modules/gulp-contribs
499 info build /Users/hugh/Development/node-web-audio-api/node_modules/gulp-contribs
500 info preinstall gulp-contribs@0.0.2
501 verbose linkStuff [ false,
501 verbose linkStuff   false,
501 verbose linkStuff   false,
501 verbose linkStuff   '/Users/hugh/Development/node-web-audio-api/node_modules' ]
502 info linkStuff gulp-contribs@0.0.2
503 verbose linkBins gulp-contribs@0.0.2
504 verbose linkMans gulp-contribs@0.0.2
505 verbose rebuildBundles gulp-contribs@0.0.2
506 verbose rebuildBundles [ 'gulp-util', 'through2' ]
507 info install gulp-contribs@0.0.2
508 info postinstall gulp-contribs@0.0.2
509 verbose rebuild bundle /Users/hugh/Development/node-web-audio-api/node_modules/gulp-util
510 info build /Users/hugh/Development/node-web-audio-api/node_modules/gulp-util
511 info preinstall gulp-util@3.0.4
512 verbose linkStuff [ false,
512 verbose linkStuff   false,
512 verbose linkStuff   false,
512 verbose linkStuff   '/Users/hugh/Development/node-web-audio-api/node_modules' ]
513 info linkStuff gulp-util@3.0.4
514 verbose linkBins gulp-util@3.0.4
515 verbose linkMans gulp-util@3.0.4
516 verbose rebuildBundles gulp-util@3.0.4
517 verbose rebuildBundles [ '.bin',
517 verbose rebuildBundles   'array-differ',
517 verbose rebuildBundles   'array-uniq',
517 verbose rebuildBundles   'beeper',
517 verbose rebuildBundles   'chalk',
517 verbose rebuildBundles   'dateformat',
517 verbose rebuildBundles   'lodash._reescape',
517 verbose rebuildBundles   'lodash._reevaluate',
517 verbose rebuildBundles   'lodash._reinterpolate',
517 verbose rebuildBundles   'lodash.template',
517 verbose rebuildBundles   'minimist',
517 verbose rebuildBundles   'multipipe',
517 verbose rebuildBundles   'object-assign',
517 verbose rebuildBundles   'replace-ext',
517 verbose rebuildBundles   'through2',
517 verbose rebuildBundles   'vinyl' ]
518 info install gulp-util@3.0.4
519 info postinstall gulp-util@3.0.4
520 verbose rebuild bundle /Users/hugh/Development/node-web-audio-api/node_modules/mp3
521 info build /Users/hugh/Development/node-web-audio-api/node_modules/mp3
522 info preinstall mp3@0.1.0
523 verbose linkStuff [ false,
523 verbose linkStuff   false,
523 verbose linkStuff   false,
523 verbose linkStuff   '/Users/hugh/Development/node-web-audio-api/node_modules' ]
524 info linkStuff mp3@0.1.0
525 verbose linkBins mp3@0.1.0
526 verbose linkMans mp3@0.1.0
527 verbose rebuildBundles mp3@0.1.0
528 info install mp3@0.1.0
529 info postinstall mp3@0.1.0
530 info install web-audio-api@0.1.5
531 info postinstall web-audio-api@0.1.5
532 info prepublish web-audio-api@0.1.5
533 verbose unsafe-perm in lifecycle true
534 error peerinvalid The package av does not satisfy its siblings' peerDependencies requirements!
534 error peerinvalid Peer aac@0.1.0 wants av@~0.4.0
534 error peerinvalid Peer alac@0.1.0 wants av@~0.4.0
534 error peerinvalid Peer mp3@0.1.0 wants av@~0.4.0
535 error System Darwin 14.3.0
536 error command "/Users/hugh/.nvm/v0.10.38/bin/node" "/Users/hugh/.nvm/v0.10.38/bin/npm" "install"
537 error cwd /Users/hugh/Development/node-web-audio-api
538 error node -v v0.10.38
539 error npm -v 1.4.28
540 error code EPEERINVALID
541 verbose exit [ 1, true ]
